<?xml version="1.0" encoding="UTF-8"?>
<!-- Generated by org.testng.reporters.JUnitXMLReporter -->
<testsuite ignored="0" hostname="DESKTOP-1EUJPDG" failures="0" tests="4" name="Default test" time="0.365" errors="0" timestamp="2023-03-03T12:59:37 IST">
  <testcase classname="com.batches.test.CreateBatchTest" name="@BeforeClass initClass" time="-1.677828577371E9">
    <failure type="org.testng.TestNGException" message="
Parameter &amp;apos;siteURL&amp;apos; is required by BeforeClass on method initClass but has not been marked @Optional or defined
in C:\Users\Shailaja\AppData\Local\Temp\testng-eclipse-680573071\testng-customsuite.xml">
      <![CDATA[org.testng.TestNGException: 
Parameter 'siteURL' is required by BeforeClass on method initClass but has not been marked @Optional or defined
in C:\Users\Shailaja\AppData\Local\Temp\testng-eclipse-680573071\testng-customsuite.xml
at org.testng.internal.Parameters.createParams(Parameters.java:268)
at org.testng.internal.Parameters.createParametersForMethod(Parameters.java:356)
at org.testng.internal.Parameters.createParameters(Parameters.java:700)
at org.testng.internal.Parameters.createConfigurationParameters(Parameters.java:166)
at org.testng.internal.ConfigInvoker.invokeConfigurations(ConfigInvoker.java:301)
at org.testng.internal.TestMethodWorker.invokeBeforeClassMethods(TestMethodWorker.java:176)
at org.testng.internal.TestMethodWorker.run(TestMethodWorker.java:122)
at java.base/java.util.ArrayList.forEach(ArrayList.java:1511)
at org.testng.TestRunner.privateRun(TestRunner.java:764)
at org.testng.TestRunner.run(TestRunner.java:585)
at org.testng.SuiteRunner.runTest(SuiteRunner.java:384)
at org.testng.SuiteRunner.runSequentially(SuiteRunner.java:378)
at org.testng.SuiteRunner.privateRun(SuiteRunner.java:337)
at org.testng.SuiteRunner.run(SuiteRunner.java:286)
at org.testng.SuiteRunnerWorker.runSuite(SuiteRunnerWorker.java:53)
at org.testng.SuiteRunnerWorker.run(SuiteRunnerWorker.java:96)
at org.testng.TestNG.runSuitesSequentially(TestNG.java:1218)
at org.testng.TestNG.runSuitesLocally(TestNG.java:1140)
at org.testng.TestNG.runSuites(TestNG.java:1069)
at org.testng.TestNG.run(TestNG.java:1037)
at org.testng.remote.AbstractRemoteTestNG.run(AbstractRemoteTestNG.java:115)
at org.testng.remote.RemoteTestNG.initAndRun(RemoteTestNG.java:251)
at org.testng.remote.RemoteTestNG.main(RemoteTestNG.java:77)
]]>
    </failure>
  </testcase> <!-- @BeforeClass initClass -->
  <testcase classname="com.batches.test.CreateBatchTest" name="testNavigateToNewBatchPage" time="0.0">
    <skipped/>
  </testcase> <!-- testNavigateToNewBatchPage -->
  <testcase classname="com.batches.test.CreateBatchTest" name="testTodaysDate" time="0.0">
    <skipped/>
  </testcase> <!-- testTodaysDate -->
  <testcase classname="com.batches.test.CreateBatchTest" name="testValidateBatchCode" time="0.0">
    <skipped/>
  </testcase> <!-- testValidateBatchCode -->
  <testcase classname="com.batches.test.CreateBatchTest" name="testFutureDate" time="0.0">
    <skipped/>
  </testcase> <!-- testFutureDate -->
</testsuite> <!-- Default test -->
